[debug] [2025-09-12T12:37:50.826Z] ----------------------------------------------------------------------
[debug] [2025-09-12T12:37:50.828Z] Command:       C:\nvm4w\nodejs\node.exe C:\Users\Karan\AppData\Roaming\npm\node_modules\firebase-tools\lib\bin\firebase.js deploy --only hosting
[debug] [2025-09-12T12:37:50.828Z] CLI Version:   14.15.1
[debug] [2025-09-12T12:37:50.828Z] Platform:      win32
[debug] [2025-09-12T12:37:50.828Z] Node Version:  v20.0.0
[debug] [2025-09-12T12:37:50.828Z] Time:          Fri Sep 12 2025 18:07:50 GMT+0530 (India Standard Time)
[debug] [2025-09-12T12:37:50.828Z] ----------------------------------------------------------------------
[debug] 
[debug] [2025-09-12T12:37:50.966Z] > command requires scopes: ["email","openid","https://www.googleapis.com/auth/cloudplatformprojects.readonly","https://www.googleapis.com/auth/firebase","https://www.googleapis.com/auth/cloud-platform"]
[debug] [2025-09-12T12:37:50.967Z] > authorizing via signed-in user (jaikaran.pesce@gmail.com)
[debug] [2025-09-12T12:37:50.967Z] [iam] checking project tune-tales-7bc34 for permissions ["firebase.projects.get","firebasehosting.sites.update"]
[debug] [2025-09-12T12:37:50.968Z] Checked if tokens are valid: true, expires at: 1757682653577
[debug] [2025-09-12T12:37:50.968Z] Checked if tokens are valid: true, expires at: 1757682653577
[debug] [2025-09-12T12:37:50.968Z] >>> [apiv2][query] POST https://cloudresourcemanager.googleapis.com/v1/projects/tune-tales-7bc34:testIamPermissions [none]
[debug] [2025-09-12T12:37:50.969Z] >>> [apiv2][(partial)header] POST https://cloudresourcemanager.googleapis.com/v1/projects/tune-tales-7bc34:testIamPermissions x-goog-quota-user=projects/tune-tales-7bc34
[debug] [2025-09-12T12:37:50.969Z] >>> [apiv2][body] POST https://cloudresourcemanager.googleapis.com/v1/projects/tune-tales-7bc34:testIamPermissions {"permissions":["firebase.projects.get","firebasehosting.sites.update"]}
[debug] [2025-09-12T12:37:52.424Z] <<< [apiv2][status] POST https://cloudresourcemanager.googleapis.com/v1/projects/tune-tales-7bc34:testIamPermissions 200
[debug] [2025-09-12T12:37:52.424Z] <<< [apiv2][body] POST https://cloudresourcemanager.googleapis.com/v1/projects/tune-tales-7bc34:testIamPermissions {"permissions":["firebase.projects.get","firebasehosting.sites.update"]}
[debug] [2025-09-12T12:37:52.424Z] Checked if tokens are valid: true, expires at: 1757682653577
[debug] [2025-09-12T12:37:52.425Z] Checked if tokens are valid: true, expires at: 1757682653577
[debug] [2025-09-12T12:37:52.425Z] >>> [apiv2][query] GET https://firebase.googleapis.com/v1beta1/projects/tune-tales-7bc34 [none]
[debug] [2025-09-12T12:37:52.908Z] <<< [apiv2][status] GET https://firebase.googleapis.com/v1beta1/projects/tune-tales-7bc34 200
[debug] [2025-09-12T12:37:52.908Z] <<< [apiv2][body] GET https://firebase.googleapis.com/v1beta1/projects/tune-tales-7bc34 {"projectId":"tune-tales-7bc34","projectNumber":"73380609988","displayName":"Tune Tales","name":"projects/tune-tales-7bc34","resources":{"hostingSite":"tune-tales-7bc34"},"state":"ACTIVE","etag":"1_bf5969b1-f7a4-4600-88b7-8c7e94d94d84"}
[debug] [2025-09-12T12:37:56.392Z] defaultcredentials: writing to file C:\Users\Karan\AppData\Roaming\firebase\jaikaran_pesce_gmail.com_application_default_credentials.json
[debug] [2025-09-12T12:37:56.393Z] Checked if tokens are valid: true, expires at: 1757682653577
[debug] [2025-09-12T12:37:56.393Z] Checked if tokens are valid: true, expires at: 1757682653577
[debug] [2025-09-12T12:37:56.394Z] >>> [apiv2][query] GET https://firebasehosting.googleapis.com/v1beta1/projects/tune-tales-7bc34/sites pageToken=&pageSize=10
[debug] [2025-09-12T12:37:57.657Z] <<< [apiv2][status] GET https://firebasehosting.googleapis.com/v1beta1/projects/tune-tales-7bc34/sites 200
[debug] [2025-09-12T12:37:57.658Z] <<< [apiv2][body] GET https://firebasehosting.googleapis.com/v1beta1/projects/tune-tales-7bc34/sites {"sites":[{"name":"projects/tune-tales-7bc34/sites/tune-tales-7bc34","defaultUrl":"https://tune-tales-7bc34.web.app","appId":"1:73380609988:web:deb202818f8a602f73ee91","type":"DEFAULT_SITE"}]}
[debug] [2025-09-12T12:37:57.658Z] Checked if tokens are valid: true, expires at: 1757682653577
[debug] [2025-09-12T12:37:57.658Z] Checked if tokens are valid: true, expires at: 1757682653577
[debug] [2025-09-12T12:37:57.658Z] >>> [apiv2][query] GET https://firebase.googleapis.com/v1beta1/projects/-/webApps/1:73380609988:web:deb202818f8a602f73ee91/config [none]
[debug] [2025-09-12T12:37:58.461Z] <<< [apiv2][status] GET https://firebase.googleapis.com/v1beta1/projects/-/webApps/1:73380609988:web:deb202818f8a602f73ee91/config 200
[debug] [2025-09-12T12:37:58.461Z] <<< [apiv2][body] GET https://firebase.googleapis.com/v1beta1/projects/-/webApps/1:73380609988:web:deb202818f8a602f73ee91/config {"projectId":"tune-tales-7bc34","appId":"1:73380609988:web:deb202818f8a602f73ee91","storageBucket":"tune-tales-7bc34.firebasestorage.app","apiKey":"AIzaSyB7byiynZrjiqAo8NDIurtBg-MVBolYSjY","authDomain":"tune-tales-7bc34.firebaseapp.com","messagingSenderId":"73380609988","measurementId":"G-54939GDQH8"}
[info] 
   Thank you for trying our early preview of Next.js support on Firebase Hosting.
   During the preview, support is best-effort and breaking changes can be expected. Proceed with caution.
   The integration is known to work with Next.js version 12 - 15.0. You may encounter errors.

   Documentation: https://firebase.google.com/docs/hosting/frameworks/nextjs
   File a bug: https://github.com/firebase/firebase-tools/issues/new?template=bug_report.md
   Submit a feature request: https://github.com/firebase/firebase-tools/issues/new?template=feature_request.md

   We'd love to learn from you. Express your interest in helping us shape the future of Firebase Hosting: https://goo.gle/41enW5X

[debug] [2025-09-12T12:38:06.138Z] Checked if tokens are valid: true, expires at: 1757682653577
[debug] [2025-09-12T12:38:06.138Z] Checked if tokens are valid: true, expires at: 1757682653577
[debug] [2025-09-12T12:38:06.138Z] >>> [apiv2][query] GET https://firebasehosting.googleapis.com/v1beta1/projects/tune-tales-7bc34/sites/tune-tales-7bc34 [none]
[debug] [2025-09-12T12:38:07.130Z] <<< [apiv2][status] GET https://firebasehosting.googleapis.com/v1beta1/projects/tune-tales-7bc34/sites/tune-tales-7bc34 200
[debug] [2025-09-12T12:38:07.131Z] <<< [apiv2][body] GET https://firebasehosting.googleapis.com/v1beta1/projects/tune-tales-7bc34/sites/tune-tales-7bc34 {"name":"projects/tune-tales-7bc34/sites/tune-tales-7bc34","defaultUrl":"https://tune-tales-7bc34.web.app","appId":"1:73380609988:web:deb202818f8a602f73ee91","type":"DEFAULT_SITE"}
[info]    ▲ Next.js 15.5.2

[info]    - Environments: .env.local


[info]    Creating an optimized production build ...

[info] uncaughtException [Error: EPERM: operation not permitted, open 'D:\Manartha Varsity Projects\tunetalez\.next\trace'] {
  errno: -4048,
  code: 'EPERM',
  syscall: 'open',
  path: 'D:\\Manartha Varsity Projects\\tunetalez\\.next\\trace'
}

[debug] [2025-09-12T12:38:12.275Z] Error: ENOENT: no such file or directory, open 'D:\Manartha Varsity Projects\tunetalez\.next\server\middleware-manifest.json'
[error] 
[error] Error: An unexpected error has occurred.
